  main.cpp
c:\users\transfet\desktop\all\vision\hwprojekt\hwprojekt\main.cpp(60): warning C4244: 'initializing': conversion from 'double' to 'float', possible loss of data
c:\users\transfet\desktop\all\vision\hwprojekt\hwprojekt\main.cpp(70): warning C4244: 'initializing': conversion from 'double' to 'float', possible loss of data
c:\users\transfet\desktop\all\vision\hwprojekt\hwprojekt\main.cpp(107): warning C4244: 'initializing': conversion from 'double' to 'float', possible loss of data
c:\users\transfet\desktop\all\vision\hwprojekt\hwprojekt\main.cpp(108): warning C4244: 'initializing': conversion from 'double' to 'float', possible loss of data
c:\users\transfet\desktop\all\vision\hwprojekt\hwprojekt\main.cpp(110): warning C4244: 'return': conversion from 'double' to 'float', possible loss of data
c:\users\transfet\desktop\all\vision\hwprojekt\hwprojekt\main.cpp(121): warning C4018: '<': signed/unsigned mismatch
c:\users\transfet\desktop\all\vision\hwprojekt\hwprojekt\main.cpp(141): warning C4018: '<': signed/unsigned mismatch
c:\users\transfet\desktop\all\vision\hwprojekt\hwprojekt\main.cpp(164): warning C4244: 'initializing': conversion from 'double' to 'float', possible loss of data
c:\users\transfet\desktop\all\vision\hwprojekt\hwprojekt\main.cpp(165): warning C4244: 'initializing': conversion from 'double' to 'float', possible loss of data
c:\users\transfet\desktop\all\vision\hwprojekt\hwprojekt\main.cpp(166): warning C4244: 'initializing': conversion from 'double' to 'float', possible loss of data
c:\users\transfet\desktop\all\vision\hwprojekt\hwprojekt\main.cpp(167): warning C4244: 'initializing': conversion from 'double' to 'float', possible loss of data
c:\users\transfet\desktop\all\vision\hwprojekt\hwprojekt\main.cpp(169): warning C4244: 'initializing': conversion from 'double' to 'float', possible loss of data
c:\users\transfet\desktop\all\vision\hwprojekt\hwprojekt\main.cpp(170): warning C4244: 'initializing': conversion from 'double' to 'float', possible loss of data
c:\users\transfet\desktop\all\vision\hwprojekt\hwprojekt\main.cpp(171): warning C4244: 'initializing': conversion from 'double' to 'float', possible loss of data
c:\users\transfet\desktop\all\vision\hwprojekt\hwprojekt\main.cpp(172): warning C4244: 'initializing': conversion from 'double' to 'float', possible loss of data
c:\users\transfet\desktop\all\vision\hwprojekt\hwprojekt\main.cpp(197): warning C4018: '<': signed/unsigned mismatch
c:\users\transfet\desktop\all\vision\hwprojekt\hwprojekt\main.cpp(314): warning C4018: '<': signed/unsigned mismatch
c:\users\transfet\desktop\all\vision\hwprojekt\hwprojekt\main.cpp(403): warning C4244: 'argument': conversion from 'time_t' to 'unsigned int', possible loss of data
  HWProjekt.vcxproj -> C:\Users\Transfet\Desktop\All\vision\HWProjekt\Debug\HWProjekt.exe
  HWProjekt.vcxproj -> C:\Users\Transfet\Desktop\All\vision\HWProjekt\Debug\HWProjekt.pdb (Full PDB)
