c:\users\transfet\desktop\all\vision\hwprojekt\hwprojekt\x64\debug\vc140.pdb
c:\users\transfet\desktop\all\vision\hwprojekt\hwprojekt\x64\debug\vc140.idb
c:\users\transfet\desktop\all\vision\hwprojekt\hwprojekt\x64\debug\circle.obj
c:\users\transfet\desktop\all\vision\hwprojekt\hwprojekt\x64\debug\colordetection.obj
c:\users\transfet\desktop\all\vision\hwprojekt\hwprojekt\x64\debug\line.obj
c:\users\transfet\desktop\all\vision\hwprojekt\hwprojekt\x64\debug\main.obj
c:\users\transfet\desktop\all\vision\hwprojekt\hwprojekt\x64\debug\move.obj
c:\users\transfet\desktop\all\vision\hwprojekt\hwprojekt\x64\debug\point.obj
c:\users\transfet\desktop\all\vision\hwprojekt\hwprojekt\x64\debug\utils.obj
c:\users\transfet\desktop\all\vision\hwprojekt\x64\debug\hwprojekt.ilk
c:\users\transfet\desktop\all\vision\hwprojekt\x64\debug\hwprojekt.exe
c:\users\transfet\desktop\all\vision\hwprojekt\x64\debug\hwprojekt.pdb
c:\users\transfet\desktop\opencv\hwprojekt\hwprojekt\x64\debug\circle.obj
c:\users\transfet\desktop\opencv\hwprojekt\hwprojekt\x64\debug\colordetection.obj
c:\users\transfet\desktop\opencv\hwprojekt\hwprojekt\x64\debug\line.obj
c:\users\transfet\desktop\opencv\hwprojekt\hwprojekt\x64\debug\main.obj
c:\users\transfet\desktop\opencv\hwprojekt\hwprojekt\x64\debug\move.obj
c:\users\transfet\desktop\opencv\hwprojekt\hwprojekt\x64\debug\point.obj
c:\users\transfet\desktop\opencv\hwprojekt\hwprojekt\x64\debug\utils.obj
c:\users\transfet\desktop\opencv\hwprojekt\hwprojekt\x64\debug\vc140.idb
c:\users\transfet\desktop\opencv\hwprojekt\hwprojekt\x64\debug\vc140.pdb
c:\users\transfet\desktop\opencv\hwprojekt\x64\debug\hwprojekt.pdb
c:\users\transfet\desktop\opencv\hwprojekt\x64\debug\hwprojekt.exe
c:\users\transfet\desktop\opencv\hwprojekt\x64\debug\hwprojekt.ilk
c:\users\transfet\desktop\opencv\hwprojekt\hwprojekt\x64\debug\hwprojekt.tlog\cl.command.1.tlog
c:\users\transfet\desktop\opencv\hwprojekt\hwprojekt\x64\debug\hwprojekt.tlog\cl.read.1.tlog
c:\users\transfet\desktop\opencv\hwprojekt\hwprojekt\x64\debug\hwprojekt.tlog\cl.write.1.tlog
c:\users\transfet\desktop\opencv\hwprojekt\hwprojekt\x64\debug\hwprojekt.tlog\link.command.1.tlog
c:\users\transfet\desktop\opencv\hwprojekt\hwprojekt\x64\debug\hwprojekt.tlog\link.read.1.tlog
c:\users\transfet\desktop\opencv\hwprojekt\hwprojekt\x64\debug\hwprojekt.tlog\link.write.1.tlog
