  main.cpp
c:\users\transfet\desktop\interactivepanell\hwprojekt\main.cpp(50): warning C4244: 'initializing': conversion from 'double' to 'float', possible loss of data
c:\users\transfet\desktop\interactivepanell\hwprojekt\main.cpp(104): warning C4244: 'initializing': conversion from 'double' to 'float', possible loss of data
c:\users\transfet\desktop\interactivepanell\hwprojekt\main.cpp(135): warning C4244: 'initializing': conversion from 'double' to 'float', possible loss of data
c:\users\transfet\desktop\interactivepanell\hwprojekt\main.cpp(136): warning C4244: 'initializing': conversion from 'double' to 'float', possible loss of data
c:\users\transfet\desktop\interactivepanell\hwprojekt\main.cpp(138): warning C4244: 'return': conversion from 'double' to 'float', possible loss of data
c:\users\transfet\desktop\interactivepanell\hwprojekt\main.cpp(150): warning C4244: 'initializing': conversion from 'double' to 'float', possible loss of data
c:\users\transfet\desktop\interactivepanell\hwprojekt\main.cpp(151): warning C4244: 'initializing': conversion from 'double' to 'float', possible loss of data
c:\users\transfet\desktop\interactivepanell\hwprojekt\main.cpp(152): warning C4244: 'initializing': conversion from 'double' to 'float', possible loss of data
c:\users\transfet\desktop\interactivepanell\hwprojekt\main.cpp(153): warning C4244: 'initializing': conversion from 'double' to 'float', possible loss of data
c:\users\transfet\desktop\interactivepanell\hwprojekt\main.cpp(155): warning C4244: 'initializing': conversion from 'double' to 'float', possible loss of data
c:\users\transfet\desktop\interactivepanell\hwprojekt\main.cpp(156): warning C4244: 'initializing': conversion from 'double' to 'float', possible loss of data
c:\users\transfet\desktop\interactivepanell\hwprojekt\main.cpp(157): warning C4244: 'initializing': conversion from 'double' to 'float', possible loss of data
c:\users\transfet\desktop\interactivepanell\hwprojekt\main.cpp(158): warning C4244: 'initializing': conversion from 'double' to 'float', possible loss of data
c:\users\transfet\desktop\interactivepanell\hwprojekt\main.cpp(211): warning C4244: 'argument': conversion from 'double' to 'float', possible loss of data
c:\users\transfet\desktop\interactivepanell\hwprojekt\main.cpp(212): warning C4244: 'argument': conversion from 'double' to 'float', possible loss of data
c:\users\transfet\desktop\interactivepanell\hwprojekt\main.cpp(319): warning C4244: 'argument': conversion from 'double' to 'float', possible loss of data
c:\users\transfet\desktop\interactivepanell\hwprojekt\main.cpp(320): warning C4244: 'argument': conversion from 'double' to 'float', possible loss of data
c:\users\transfet\desktop\interactivepanell\hwprojekt\main.cpp(324): warning C4244: 'argument': conversion from 'double' to 'float', possible loss of data
c:\users\transfet\desktop\interactivepanell\hwprojekt\main.cpp(325): warning C4244: 'argument': conversion from 'double' to 'float', possible loss of data
c:\users\transfet\desktop\interactivepanell\hwprojekt\main.cpp(331): warning C4244: 'argument': conversion from 'double' to 'float', possible loss of data
c:\users\transfet\desktop\interactivepanell\hwprojekt\main.cpp(332): warning C4244: 'argument': conversion from 'double' to 'float', possible loss of data
c:\users\transfet\desktop\interactivepanell\hwprojekt\main.cpp(352): warning C4305: '-=': truncation from 'double' to 'float'
c:\users\transfet\desktop\interactivepanell\hwprojekt\main.cpp(356): warning C4305: '-=': truncation from 'double' to 'float'
c:\users\transfet\desktop\interactivepanell\hwprojekt\main.cpp(361): warning C4305: '-=': truncation from 'double' to 'float'
c:\users\transfet\desktop\interactivepanell\hwprojekt\main.cpp(365): warning C4305: '+=': truncation from 'double' to 'float'
  HWProjekt.vcxproj -> C:\Users\Transfet\Desktop\InteractivePanell\x64\Debug\HWProjekt.exe
  HWProjekt.vcxproj -> C:\Users\Transfet\Desktop\InteractivePanell\x64\Debug\HWProjekt.pdb (Full PDB)
